<?xml version="1.0" encoding="UTF-8"?>
<testng-results skipped="0" failed="0" ignored="2" total="4" passed="2">
  <reporter-output>
  </reporter-output>
  <suite name="Suite" duration-ms="104" started-at="2020-08-03T10:33:06 IST" finished-at="2020-08-03T10:33:06 IST">
    <groups>
      <group name="test">
        <method signature="Day2.Login(java.lang.String, java.lang.String)[pri:0, instance:test.Day2@5bc79255]" name="Login" class="test.Day2"/>
      </group> <!-- test -->
    </groups>
    <test name="Test" duration-ms="104" started-at="2020-08-03T10:33:06 IST" finished-at="2020-08-03T10:33:06 IST">
      <class name="test.Day2">
        <test-method status="PASS" signature="Login(java.lang.String, java.lang.String)[pri:0, instance:test.Day2@5bc79255]" name="Login" duration-ms="18" started-at="2020-08-03T10:33:06 IST" data-provider="data" finished-at="2020-08-03T10:33:06 IST">
          <params>
            <param index="0">
              <value>
                <![CDATA[Firstuser]]>
              </value>
            </param>
            <param index="1">
              <value>
                <![CDATA[firstpassword]]>
              </value>
            </param>
          </params>
          <reporter-output>
          </reporter-output>
        </test-method> <!-- Login -->
        <test-method status="PASS" signature="Login(java.lang.String, java.lang.String)[pri:0, instance:test.Day2@5bc79255]" name="Login" duration-ms="3" started-at="2020-08-03T10:33:06 IST" data-provider="data" finished-at="2020-08-03T10:33:06 IST">
          <params>
            <param index="0">
              <value>
                <![CDATA[SecondUser]]>
              </value>
            </param>
            <param index="1">
              <value>
                <![CDATA[SecondPassword]]>
              </value>
            </param>
          </params>
          <reporter-output>
          </reporter-output>
        </test-method> <!-- Login -->
      </class> <!-- test.Day2 -->
    </test> <!-- Test -->
  </suite> <!-- Suite -->
</testng-results>
