<?xml version="1.0" encoding="UTF-8"?>
<!-- Generated by org.testng.reporters.JUnitXMLReporter -->
<testsuite hostname="DESKTOP-B8IRFS0" ignored="2" name="Test" tests="2" failures="0" timestamp="2020-08-03T10:33:06 IST" time="0.104" errors="0">
  <testcase name="Login" time="0.018" classname="test.Day2"/>
  <testcase name="Login" time="0.003" classname="test.Day2"/>
  <testcase name="getlogo" time="0.0" classname="test.Day2">
    <ignored/>
  </testcase> <!-- getlogo -->
  <testcase name="GoogleTitle" time="0.0" classname="test.Day2">
    <ignored/>
  </testcase> <!-- GoogleTitle -->
</testsuite> <!-- Test -->
